<?xml version="1.0" encoding="UTF-8"?>
<testsuite name="MyJunit" tests="14" skipped="0" failures="0" errors="0" timestamp="2023-10-13T10:59:11" hostname="DESKTOP-KKRMIN0" time="43.138">
  <properties/>
  <testcase name="buttonClick()" classname="MyJunit" time="6.365"/>
  <testcase name="uploadImage_DownloadImage()" classname="MyJunit" time="2.629"/>
  <testcase name="handleWindow()" classname="MyJunit" time="1.996"/>
  <testcase name="webTables()" classname="MyJunit" time="1.262"/>
  <testcase name="Check if image is exists" classname="MyJunit" time="1.985"/>
  <testcase name="scrapData()" classname="MyJunit" time="3.798"/>
  <testcase name="automateForm()" classname="MyJunit" time="1.827"/>
  <testcase name="handleTab()" classname="MyJunit" time="4.971"/>
  <testcase name="Check if title is showing" classname="MyJunit" time="2.524"/>
  <testcase name="selectDropdown()" classname="MyJunit" time="1.959"/>
  <testcase name="selectDatePicket()" classname="MyJunit" time="1.864"/>
  <testcase name="check if image is exist" classname="MyJunit" time="1.72"/>
  <testcase name="handleAlert()" classname="MyJunit" time="6.523"/>
  <testcase name="selectReactDropdown()" classname="MyJunit" time="3.691"/>
  <system-out><![CDATA[561C10D24D0C3B765916775824B3D496
561C10D24D0C3B765916775824B3D496
5F91B788602011FAB57563EEE455A5E9
num[1] Cierra
num[2] Vega
num[3] 39
num[4] cierra@example.com
num[5] 10000
num[6] Insurance
num[7] 
num[8] Alden
num[9] Cantrell
num[10] 45
num[11] alden@example.com
num[12] 12000
num[13] Compliance
num[14] 
num[15] Kierra
num[16] Gentry
num[17] 29
num[18] kierra@example.com
num[19] 2000
num[20] Legal
num[21] 
num[22]  
num[23]  
num[24]  
num[25]  
num[26]  
num[27]  
num[28]  
num[29]  
num[30]  
num[31]  
num[32]  
num[33]  
num[34]  
num[35]  
num[36]  
num[37]  
num[38]  
num[39]  
num[40]  
num[41]  
num[42]  
num[43]  
num[44]  
num[45]  
num[46]  
num[47]  
num[48]  
num[49]  
num[50]  
num[51]  
num[52]  
num[53]  
num[54]  
num[55]  
num[56]  
num[57]  
num[58]  
num[59]  
num[60]  
num[61]  
num[62]  
num[63]  
num[64]  
num[65]  
num[66]  
num[67]  
num[68]  
num[69]  
num[70]  
New tab title: 
]]></system-out>
  <system-err><![CDATA[SLF4J: Failed to load class "org.slf4j.impl.StaticLoggerBinder".
SLF4J: Defaulting to no-operation (NOP) logger implementation
SLF4J: See http://www.slf4j.org/codes.html#StaticLoggerBinder for further details.
]]></system-err>
</testsuite>
